[    0.000000] Linux version 4.15.0-142-generic (buildd@lgw01-amd64-036) (gcc version 7.5.0 (Ubuntu 7.5.0-3ubuntu1~18.04)) #146-Ubuntu SMP Tue Apr 13 01:11:19 UTC 2021 (Ubuntu 4.15.0-142.146-generic 4.15.18)
[    0.000000] Command line: BOOT_IMAGE=/boot/vmlinuz-4.15.0-142-generic root=LABEL=cloudimg-rootfs ro console=tty1 console=ttyS0
[    0.000000] KERNEL supported cpus:
[    0.000000]   Intel GenuineIntel
[    0.000000]   AMD AuthenticAMD
[    0.000000]   Centaur CentaurHauls
[    0.000000] x86/fpu: Supporting XSAVE feature 0x001: 'x87 floating point registers'
[    0.000000] x86/fpu: Supporting XSAVE feature 0x002: 'SSE registers'
[    0.000000] x86/fpu: Supporting XSAVE feature 0x004: 'AVX registers'
[    0.000000] x86/fpu: xstate_offset[2]:  576, xstate_sizes[2]:  256
[    0.000000] x86/fpu: Enabled xstate features 0x7, context size is 832 bytes, using 'standard' format.
[    0.000000] e820: BIOS-provided physical RAM map:
[    0.000000] BIOS-e820: [mem 0x0000000000000000-0x000000000009fbff] usable
[    0.000000] BIOS-e820: [mem 0x000000000009fc00-0x000000000009ffff] reserved
[    0.000000] BIOS-e820: [mem 0x00000000000f0000-0x00000000000fffff] reserved
[    0.000000] BIOS-e820: [mem 0x0000000000100000-0x000000004e8effff] usable
[    0.000000] BIOS-e820: [mem 0x000000004e8f0000-0x000000004e8fffff] ACPI data
[    0.000000] BIOS-e820: [mem 0x00000000fec00000-0x00000000fec00fff] reserved
[    0.000000] BIOS-e820: [mem 0x00000000fee00000-0x00000000fee00fff] reserved
[    0.000000] BIOS-e820: [mem 0x00000000fffc0000-0x00000000ffffffff] reserved
[    0.000000] NX (Execute Disable) protection: active
[    0.000000] SMBIOS 2.5 present.
[    0.000000] DMI: innotek GmbH VirtualBox/VirtualBox, BIOS VirtualBox 12/01/2006
[    0.000000] Hypervisor detected: KVM
[    0.000000] e820: last_pfn = 0x4e8f0 max_arch_pfn = 0x400000000
[    0.000000] MTRR: Disabled
[    0.000000] x86/PAT: MTRRs disabled, skipping PAT initialization too.
[    0.000000] CPU MTRRs all blank - virtualized system.
[    0.000000] x86/PAT: Configuration [0-7]: WB  WT  UC- UC  WB  WT  UC- UC  
[    0.000000] found SMP MP-table at [mem 0x0009fff0-0x0009ffff]
[    0.000000] Scanning 1 areas for low memory corruption
[    0.000000] RAMDISK: [mem 0x359d1000-0x36cdffff]
[    0.000000] ACPI: Early table checksum verification disabled
[    0.000000] ACPI: RSDP 0x00000000000E0000 000024 (v02 VBOX  )
[    0.000000] ACPI: XSDT 0x000000004E8F0030 00003C (v01 VBOX   VBOXXSDT 00000001 ASL  00000061)
[    0.000000] ACPI: FACP 0x000000004E8F00F0 0000F4 (v04 VBOX   VBOXFACP 00000001 ASL  00000061)
[    0.000000] ACPI: DSDT 0x000000004E8F0470 0022EA (v02 VBOX   VBOXBIOS 00000002 INTL 20100528)
[    0.000000] ACPI: FACS 0x000000004E8F0200 000040
[    0.000000] ACPI: FACS 0x000000004E8F0200 000040
[    0.000000] ACPI: APIC 0x000000004E8F0240 000054 (v02 VBOX   VBOXAPIC 00000001 ASL  00000061)
[    0.000000] ACPI: SSDT 0x000000004E8F02A0 0001CC (v01 VBOX   VBOXCPUT 00000002 INTL 20100528)
[    0.000000] No NUMA configuration found
[    0.000000] Faking a node at [mem 0x0000000000000000-0x000000004e8effff]
[    0.000000] NODE_DATA(0) allocated [mem 0x4e8c5000-0x4e8effff]
[    0.000000] kvm-clock: cpu 0, msr 0:4e844001, primary cpu clock
[    0.000000] kvm-clock: Using msrs 4b564d01 and 4b564d00
[    0.000000] kvm-clock: using sched offset of 5424790013 cycles
[    0.000000] clocksource: kvm-clock: mask: 0xffffffffffffffff max_cycles: 0x1cd42e4dffb, max_idle_ns: 881590591483 ns
[    0.000000] Zone ranges:
[    0.000000]   DMA      [mem 0x0000000000001000-0x0000000000ffffff]
[    0.000000]   DMA32    [mem 0x0000000001000000-0x000000004e8effff]
[    0.000000]   Normal   empty
[    0.000000]   Device   empty
[    0.000000] Movable zone start for each node
[    0.000000] Early memory node ranges
[    0.000000]   node   0: [mem 0x0000000000001000-0x000000000009efff]
[    0.000000]   node   0: [mem 0x0000000000100000-0x000000004e8effff]
[    0.000000] Reserved but unavailable: 98 pages
[    0.000000] Initmem setup node 0 [mem 0x0000000000001000-0x000000004e8effff]
[    0.000000] ACPI: PM-Timer IO Port: 0x4008
[    0.000000] IOAPIC[0]: apic_id 1, version 32, address 0xfec00000, GSI 0-23
[    0.000000] ACPI: INT_SRC_OVR (bus 0 bus_irq 0 global_irq 2 dfl dfl)
[    0.000000] ACPI: INT_SRC_OVR (bus 0 bus_irq 9 global_irq 9 low level)
[    0.000000] Using ACPI (MADT) for SMP configuration information
[    0.000000] smpboot: Allowing 1 CPUs, 0 hotplug CPUs
[    0.000000] PM: Registered nosave memory: [mem 0x00000000-0x00000fff]
[    0.000000] PM: Registered nosave memory: [mem 0x0009f000-0x0009ffff]
[    0.000000] PM: Registered nosave memory: [mem 0x000a0000-0x000effff]
[    0.000000] PM: Registered nosave memory: [mem 0x000f0000-0x000fffff]
[    0.000000] e820: [mem 0x4e900000-0xfebfffff] available for PCI devices
[    0.000000] Booting paravirtualized kernel on KVM
[    0.000000] clocksource: refined-jiffies: mask: 0xffffffff max_cycles: 0xffffffff, max_idle_ns: 7645519600211568 ns
[    0.000000] random: get_random_bytes called from start_kernel+0x99/0x500 with crng_init=0
[    0.000000] setup_percpu: NR_CPUS:8192 nr_cpumask_bits:1 nr_cpu_ids:1 nr_node_ids:1
[    0.000000] percpu: Embedded 45 pages/cpu s147456 r8192 d28672 u2097152
[    0.000000] PV qspinlock hash table entries: 256 (order: 0, 4096 bytes)
[    0.000000] Built 1 zonelists, mobility grouping on.  Total pages: 316629
[    0.000000] Policy zone: DMA32
[    0.000000] Kernel command line: BOOT_IMAGE=/boot/vmlinuz-4.15.0-142-generic root=LABEL=cloudimg-rootfs ro console=tty1 console=ttyS0
[    0.000000] Memory: 1217400K/1286712K available (12300K kernel code, 2483K rwdata, 4316K rodata, 2444K init, 2724K bss, 69312K reserved, 0K cma-reserved)
[    0.000000] SLUB: HWalign=64, Order=0-3, MinObjects=0, CPUs=1, Nodes=1
[    0.000000] Kernel/User page tables isolation: enabled
[    0.000000] ftrace: allocating 39434 entries in 155 pages
[    0.004000] Hierarchical RCU implementation.
[    0.004000] 	RCU restricting CPUs from NR_CPUS=8192 to nr_cpu_ids=1.
[    0.004000] 	Tasks RCU enabled.
[    0.004000] RCU: Adjusting geometry for rcu_fanout_leaf=16, nr_cpu_ids=1
[    0.004000] NR_IRQS: 524544, nr_irqs: 256, preallocated irqs: 16
[    0.004000] Console: colour VGA+ 80x25
[    0.004000] console [tty1] enabled
[    0.004000] console [ttyS0] enabled
[    0.004000] ACPI: Core revision 20170831
[    0.004000] ACPI: 2 ACPI AML tables successfully acquired and loaded
[    0.004000] APIC: Switch to symmetric I/O mode setup
[    0.004000] x2apic enabled
[    0.004011] Switched APIC routing to physical x2apic.
[    0.012000] ..TIMER: vector=0x30 apic1=0 pin1=2 apic2=-1 pin2=-1
[    0.012007] tsc: Detected 2394.458 MHz processor
[    0.014487] Calibrating delay loop (skipped) preset value.. 4788.91 BogoMIPS (lpj=9577832)
[    0.016008] pid_max: default: 32768 minimum: 301
[    0.020110] Security Framework initialized
[    0.024009] Yama: becoming mindful.
[    0.025826] AppArmor: AppArmor initialized
[    0.030461] Dentry cache hash table entries: 262144 (order: 9, 2097152 bytes)
[    0.034628] Inode-cache hash table entries: 131072 (order: 8, 1048576 bytes)
[    0.036046] Mount-cache hash table entries: 4096 (order: 3, 32768 bytes)
[    0.040026] Mountpoint-cache hash table entries: 4096 (order: 3, 32768 bytes)
[    0.044840] process: using mwait in idle threads
[    0.047128] Last level iTLB entries: 4KB 1024, 2MB 1024, 4MB 1024
[    0.048008] Last level dTLB entries: 4KB 1024, 2MB 1024, 4MB 1024, 1GB 4
[    0.052008] Spectre V1 : Mitigation: usercopy/swapgs barriers and __user pointer sanitization
[    0.056008] Spectre V2 : Mitigation: Full generic retpoline
[    0.058284] Spectre V2 : Spectre v2 / SpectreRSB mitigation: Filling RSB on context switch
[    0.060004] Speculative Store Bypass: Vulnerable
[    0.064067] SRBDS: Unknown: Dependent on hypervisor status
[    0.066606] MDS: Mitigation: Clear CPU buffers
[    0.089065] Freeing SMP alternatives memory: 36K
[    0.202409] smpboot: CPU0: Intel(R) Core(TM) i5-4210U CPU @ 1.70GHz (family: 0x6, model: 0x45, stepping: 0x1)
[    0.204000] Performance Events: unsupported p6 CPU model 69 no PMU driver, software events only.
[    0.204063] Hierarchical SRCU implementation.
[    0.208941] NMI watchdog: Perf event create on CPU 0 failed with -2
[    0.212006] NMI watchdog: Perf NMI watchdog permanently disabled
[    0.216106] smp: Bringing up secondary CPUs ...
[    0.217865] smp: Brought up 1 node, 1 CPU
[    0.219570] smpboot: Max logical packages: 1
[    0.220005] smpboot: Total of 1 processors activated (4788.91 BogoMIPS)
[    0.224221] devtmpfs: initialized
[    0.226625] x86/mm: Memory block size: 128MB
[    0.228619] evm: security.selinux
[    0.229983] evm: security.SMACK64
[    0.232008] evm: security.SMACK64EXEC
[    0.233577] evm: security.SMACK64TRANSMUTE
[    0.235217] evm: security.SMACK64MMAP
[    0.236004] evm: security.apparmor
[    0.237375] evm: security.ima
[    0.240003] evm: security.capability
[    0.241800] clocksource: jiffies: mask: 0xffffffff max_cycles: 0xffffffff, max_idle_ns: 7645041785100000 ns
[    0.244029] futex hash table entries: 256 (order: 2, 16384 bytes)
[    0.248073] pinctrl core: initialized pinctrl subsystem
[    0.250320] RTC time: 15:32:34, date: 05/21/23
[    0.252221] NET: Registered protocol family 16
[    0.254265] audit: initializing netlink subsys (disabled)
[    0.256329] cpuidle: using governor ladder
[    0.258269] cpuidle: using governor menu
[    0.260019] audit: type=2000 audit(1684683161.289:1): state=initialized audit_enabled=0 res=1
[    0.264171] ACPI: bus type PCI registered
[    0.265749] acpiphp: ACPI Hot Plug PCI Controller Driver version: 0.5
[    0.268223] PCI: Using configuration type 1 for base access
[    0.277340] HugeTLB registered 2.00 MiB page size, pre-allocated 0 pages
[    0.280176] ACPI: Added _OSI(Module Device)
[    0.281774] ACPI: Added _OSI(Processor Device)
[    0.283706] ACPI: Added _OSI(3.0 _SCP Extensions)
[    0.284012] ACPI: Added _OSI(Processor Aggregator Device)
[    0.286213] ACPI: Added _OSI(Linux-Dell-Video)
[    0.288004] ACPI: Added _OSI(Linux-Lenovo-NV-HDMI-Audio)
[    0.290246] ACPI: Added _OSI(Linux-HPI-Hybrid-Graphics)
[    0.292664] ACPI: Executed 1 blocks of module-level executable AML code
[    0.317887] ACPI: Interpreter enabled
[    0.319917] ACPI: (supports S0 S5)
[    0.320004] ACPI: Using IOAPIC for interrupt routing
[    0.325129] PCI: Using host bridge windows from ACPI; if necessary, use "pci=nocrs" and report a bug
[    0.328580] ACPI: Enabled 2 GPEs in block 00 to 07
[    0.365038] ACPI: PCI Root Bridge [PCI0] (domain 0000 [bus 00-ff])
[    0.368000] acpi PNP0A03:00: _OSC: OS supports [ASPM ClockPM Segments MSI]
[    0.374222] acpi PNP0A03:00: _OSC: not requesting OS control; OS requires [ExtendedConfig ASPM ClockPM MSI]
[    0.376045] acpi PNP0A03:00: fail to add MMCONFIG information, can't access extended PCI configuration space under this bridge.
[    0.384911] PCI host bridge to bus 0000:00
[    0.388013] pci_bus 0000:00: root bus resource [io  0x0000-0x0cf7 window]
[    0.392015] pci_bus 0000:00: root bus resource [io  0x0d00-0xffff window]
[    0.395677] pci_bus 0000:00: root bus resource [mem 0x000a0000-0x000bffff window]
[    0.396014] pci_bus 0000:00: root bus resource [mem 0x4e900000-0xfdffffff window]
[    0.400012] pci_bus 0000:00: root bus resource [bus 00-ff]
[    0.410382] pci 0000:00:01.1: legacy IDE quirk: reg 0x10: [io  0x01f0-0x01f7]
[    0.412011] pci 0000:00:01.1: legacy IDE quirk: reg 0x14: [io  0x03f6]
[    0.416013] pci 0000:00:01.1: legacy IDE quirk: reg 0x18: [io  0x0170-0x0177]
[    0.420013] pci 0000:00:01.1: legacy IDE quirk: reg 0x1c: [io  0x0376]
[    0.461628] pci 0000:00:07.0: quirk: [io  0x4000-0x403f] claimed by PIIX4 ACPI
[    0.464006] pci 0000:00:07.0: quirk: [io  0x4100-0x410f] claimed by PIIX4 SMB
[    0.490774] ACPI: PCI Interrupt Link [LNKA] (IRQs 5 9 10 *11)
[    0.493397] ACPI: PCI Interrupt Link [LNKB] (IRQs 5 9 *10 11)
[    0.496380] ACPI: PCI Interrupt Link [LNKC] (IRQs 5 *9 10 11)
[    0.500391] ACPI: PCI Interrupt Link [LNKD] (IRQs 5 9 10 *11)
[    0.503932] SCSI subsystem initialized
[    0.504173] pci 0000:00:02.0: vgaarb: setting as boot VGA device
[    0.506430] pci 0000:00:02.0: vgaarb: VGA device added: decodes=io+mem,owns=io+mem,locks=none
[    0.508009] pci 0000:00:02.0: vgaarb: bridge control possible
[    0.512003] vgaarb: loaded
[    0.513350] ACPI: bus type USB registered
[    0.516043] usbcore: registered new interface driver usbfs
[    0.518872] usbcore: registered new interface driver hub
[    0.520031] usbcore: registered new device driver usb
[    0.522139] EDAC MC: Ver: 3.0.0
[    0.524618] PCI: Using ACPI for IRQ routing
[    0.526909] NetLabel: Initializing
[    0.528004] NetLabel:  domain hash size = 128
[    0.529707] NetLabel:  protocols = UNLABELED CIPSOv4 CALIPSO
[    0.532047] NetLabel:  unlabeled traffic allowed by default
[    0.535162] clocksource: Switched to clocksource kvm-clock
[    0.580243] VFS: Disk quotas dquot_6.6.0
[    0.583328] VFS: Dquot-cache hash table entries: 512 (order 0, 4096 bytes)
[    0.587102] AppArmor: AppArmor Filesystem Enabled
[    0.589867] pnp: PnP ACPI init
[    0.595601] pnp: PnP ACPI: found 3 devices
[    0.606996] clocksource: acpi_pm: mask: 0xffffff max_cycles: 0xffffff, max_idle_ns: 2085701024 ns
[    0.611390] NET: Registered protocol family 2
[    0.615353] TCP established hash table entries: 16384 (order: 5, 131072 bytes)
[    0.619716] TCP bind hash table entries: 16384 (order: 6, 262144 bytes)
[    0.622356] TCP: Hash tables configured (established 16384 bind 16384)
[    0.624846] UDP hash table entries: 1024 (order: 3, 32768 bytes)
[    0.627182] UDP-Lite hash table entries: 1024 (order: 3, 32768 bytes)
[    0.629854] NET: Registered protocol family 1
[    0.632068] pci 0000:00:00.0: Limiting direct PCI/PCI transfers
[    0.634375] pci 0000:00:01.0: Activating ISA DMA hang workarounds
[    0.636786] pci 0000:00:02.0: Video device with shadowed ROM at [mem 0x000c0000-0x000dffff]
[    0.640338] Unpacking initramfs...
[    1.468515] Freeing initrd memory: 19516K
[    1.471974] clocksource: tsc: mask: 0xffffffffffffffff max_cycles: 0x2283c44026a, max_idle_ns: 440795260713 ns
[    1.479040] platform rtc_cmos: registered platform RTC device (no PNP device found)
[    1.485956] Scanning for low memory corruption every 60 seconds
[    1.490569] Initialise system trusted keyrings
[    1.493204] Key type blacklist registered
[    1.495495] workingset: timestamp_bits=36 max_order=19 bucket_order=0
[    1.503289] zbud: loaded
[    1.506561] squashfs: version 4.0 (2009/01/31) Phillip Lougher
[    1.510560] fuse init (API version 7.26)
[    1.516939] Key type asymmetric registered
[    1.518905] Asymmetric key parser 'x509' registered
[    1.521672] Block layer SCSI generic (bsg) driver version 0.4 loaded (major 246)
[    1.525641] io scheduler noop registered
[    1.527709] io scheduler deadline registered
[    1.530963] io scheduler cfq registered (default)
[    1.534191] ACPI: AC Adapter [AC] (on-line)
[    1.536340] input: Power Button as /devices/LNXSYSTM:00/LNXPWRBN:00/input/input0
[    1.540100] ACPI: Power Button [PWRF]
[    1.542027] input: Sleep Button as /devices/LNXSYSTM:00/LNXSLPBN:00/input/input1
[    1.546563] ACPI: Sleep Button [SLPF]
[    1.552372] Serial: 8250/16550 driver, 32 ports, IRQ sharing enabled
[    1.580121] ACPI: Battery Slot [BAT0] (battery present)
[    1.582899] 00:02: ttyS0 at I/O 0x3f8 (irq = 4, base_baud = 115200) is a 16550A
[    1.590658] Linux agpgart interface v0.103
[    1.595304] loop: module loaded
[    1.598236] scsi host0: ata_piix
[    1.599715] scsi host1: ata_piix
[    1.601479] ata1: PATA max UDMA/33 cmd 0x1f0 ctl 0x3f6 bmdma 0xd000 irq 14
[    1.604035] ata2: PATA max UDMA/33 cmd 0x170 ctl 0x376 bmdma 0xd008 irq 15
[    1.607768] libphy: Fixed MDIO Bus: probed
[    1.609409] tun: Universal TUN/TAP device driver, 1.6
[    1.611512] PPP generic driver version 2.4.2
[    1.613900] ehci_hcd: USB 2.0 'Enhanced' Host Controller (EHCI) Driver
[    1.616333] ehci-pci: EHCI PCI platform driver
[    1.618201] ehci-platform: EHCI generic platform driver
[    1.620685] ohci_hcd: USB 1.1 'Open' Host Controller (OHCI) Driver
[    1.623903] ohci-pci: OHCI PCI platform driver
[    1.625715] ohci-platform: OHCI generic platform driver
[    1.628062] uhci_hcd: USB Universal Host Controller Interface driver
[    1.632392] i8042: PNP: PS/2 Controller [PNP0303:PS2K,PNP0f03:PS2M] at 0x60,0x64 irq 1,12
[    1.637340] serio: i8042 KBD port at 0x60,0x64 irq 1
[    1.639636] serio: i8042 AUX port at 0x60,0x64 irq 12
[    1.642451] mousedev: PS/2 mouse device common for all mice
[    1.645356] input: AT Translated Set 2 keyboard as /devices/platform/i8042/serio0/input/input2
[    1.650797] rtc_cmos rtc_cmos: rtc core: registered rtc_cmos as rtc0
[    1.654342] rtc_cmos rtc_cmos: alarms up to one day, 114 bytes nvram
[    1.657412] i2c /dev entries driver
[    1.659349] device-mapper: uevent: version 1.0.3
[    1.662130] device-mapper: ioctl: 4.37.0-ioctl (2017-09-20) initialised: dm-devel@redhat.com
[    1.666587] ledtrig-cpu: registered to indicate activity on CPUs
[    1.669749] NET: Registered protocol family 10
[    1.678613] Segment Routing with IPv6
[    1.681093] NET: Registered protocol family 17
[    1.683002] Key type dns_resolver registered
[    1.685076] mce: Using 0 MCE banks
[    1.686496] RAS: Correctable Errors collector initialized.
[    1.688560] sched_clock: Marking stable (1684692802, 0)->(2173316177, -488623375)
[    1.691868] registered taskstats version 1
[    1.693555] Loading compiled-in X.509 certificates
[    1.700666] Loaded X.509 cert 'Build time autogenerated kernel key: 028139f94c642d40642d50ab098c4e7b0aebaa81'
[    1.705717] Loaded X.509 cert 'Canonical Ltd. Live Patch Signing: 14df34d1a87cf37625abec039ef2bf521249b969'
[    1.710717] Loaded X.509 cert 'Canonical Ltd. Kernel Module Signing: 88f752e560a1e0737e31163a466ad7b70a850c19'
[    1.715359] zswap: loaded using pool lzo/zbud
[    1.723626] Key type big_key registered
[    1.725238] Key type trusted registered
[    1.730552] Key type encrypted registered
[    1.733045] AppArmor: AppArmor sha1 policy hashing enabled
[    1.737076] ima: No TPM chip found, activating TPM-bypass! (rc=-19)
[    1.740700] ima: Allocated hash algorithm: sha1
[    1.742955] evm: HMAC attrs: 0x1
[    1.745154]   Magic number: 7:640:538
[    1.747314] tty ttyS18: hash matches
[    1.749032] rtc_cmos rtc_cmos: setting system clock to 2023-05-21 15:32:35 UTC (1684683155)
[    1.752450] BIOS EDD facility v0.16 2004-Jun-25, 0 devices found
[    1.754688] EDD information not available.
[    1.777901] Freeing unused kernel image memory: 2444K
[    1.788884] Write protecting the kernel read-only data: 20480k
[    1.793137] Freeing unused kernel image memory: 2008K
[    1.795723] Freeing unused kernel image memory: 1828K
[    1.846851] x86/mm: Checked W+X mappings: passed, no W+X pages found.
[    1.849461] x86/mm: Checking user space page tables
[    1.896201] x86/mm: Checked W+X mappings: passed, no W+X pages found.
Loading, please wait...
starting version 237
[    2.146833] Fusion MPT base driver 3.04.20
[    2.149815] Copyright (c) 1999-2008 LSI Corporation
[    2.155363] e1000: Intel(R) PRO/1000 Network Driver - version 7.3.21-k8-NAPI
[    2.158932] e1000: Copyright (c) 1999-2006 Intel Corporation.
[    2.288102] AVX2 version of gcm_enc/dec engaged.
[    2.290043] AES CTR mode by8 optimization enabled
[    2.318193] Fusion MPT SPI Host driver 3.04.20
[    2.392069] input: ImExPS/2 Generic Explorer Mouse as /devices/platform/i8042/serio1/input/input4
[    2.856607] e1000 0000:00:03.0 eth0: (PCI:33MHz:32-bit) 02:11:1d:b6:24:f9
[    2.859793] e1000 0000:00:03.0 eth0: Intel(R) PRO/1000 Network Connection
[    2.874276] mptbase: ioc0: Initiating bringup
[    2.972849] ioc0: LSI53C1030 A0: Capabilities={Initiator}
[    3.216278] scsi host2: ioc0: LSI53C1030 A0, FwRev=00000000h, Ports=1, MaxQ=256, IRQ=20
[    3.388783] scsi 2:0:0:0: Direct-Access     VBOX     HARDDISK         1.0  PQ: 0 ANSI: 5
[    3.395122] scsi target2:0:0: Beginning Domain Validation
[    3.399486] random: fast init done
[    3.402666] scsi target2:0:0: Domain Validation skipping write tests
[    3.405164] scsi target2:0:0: Ending Domain Validation
[    3.407313] scsi target2:0:0: asynchronous
[    3.409786] scsi 2:0:1:0: Direct-Access     VBOX     HARDDISK         1.0  PQ: 0 ANSI: 5
[    3.413747] scsi target2:0:1: Beginning Domain Validation
[    3.417990] scsi target2:0:1: Domain Validation skipping write tests
[    3.420638] scsi target2:0:1: Ending Domain Validation
[    3.422834] scsi target2:0:1: asynchronous
[    3.474112] sd 2:0:0:0: [sda] 83886080 512-byte logical blocks: (42.9 GB/40.0 GiB)
[    3.477358] sd 2:0:0:0: Attached scsi generic sg0 type 0
[    3.480381] random: systemd-udevd: uninitialized urandom read (16 bytes read)
[    3.483537] sd 2:0:0:0: [sda] Write Protect is off
[    3.485962] sd 2:0:0:0: [sda] Incomplete mode parameter data
[    3.488157] sd 2:0:0:0: [sda] Assuming drive cache: write through
[    3.496893] sd 2:0:1:0: [sdb] 20480 512-byte logical blocks: (10.5 MB/10.0 MiB)
[    3.500203] sd 2:0:1:0: Attached scsi generic sg1 type 0
[    3.504269] sd 2:0:1:0: [sdb] Write Protect is off
[    3.506486] sd 2:0:1:0: [sdb] Incomplete mode parameter data
[    3.508634] sd 2:0:1:0: [sdb] Assuming drive cache: write through
[    3.511318] random: systemd-udevd: uninitialized urandom read (16 bytes read)
[    3.515302] random: systemd-udevd: uninitialized urandom read (16 bytes read)
[    3.525424]  sda: sda1
[    3.528276] sd 2:0:0:0: [sda] Attached SCSI disk
[    3.531777] sd 2:0:1:0: [sdb] Attached SCSI disk
[    4.007279] e1000 0000:00:08.0 eth1: (PCI:33MHz:32-bit) 08:00:27:3a:4e:57
[    4.009897] e1000 0000:00:08.0 eth1: Intel(R) PRO/1000 Network Connection
[    4.015422] e1000 0000:00:08.0 enp0s8: renamed from eth1
[    4.023180] e1000 0000:00:03.0 enp0s3: renamed from eth0
Begin: Loading essential drivers ... [    6.492507] raid6: sse2x1   gen()  2094 MB/s
[    6.540069] raid6: sse2x1   xor()  1319 MB/s
[    6.588460] raid6: sse2x2   gen()  4516 MB/s
[    6.636230] raid6: sse2x2   xor()  2259 MB/s
[    6.684099] raid6: sse2x4   gen()  4912 MB/s
[    6.732510] raid6: sse2x4   xor()  2625 MB/s
[    6.780215] raid6: avx2x1   gen()  3880 MB/s
[    6.828314] raid6: avx2x1   xor()  2205 MB/s
[    6.876209] raid6: avx2x2   gen()  1435 MB/s
[    6.928163] raid6: avx2x2   xor()  1917 MB/s
[    6.988166] raid6: avx2x4   gen()  5430 MB/s
[    7.036427] raid6: avx2x4   xor()  4229 MB/s
[    7.038209] raid6: using algorithm avx2x4 gen() 5430 MB/s
[    7.040568] raid6: .... xor() 4229 MB/s, rmw enabled
[    7.042459] raid6: using avx2x2 recovery algorithm
[    7.048892] xor: automatically using best checksumming function   avx       
[    7.054757] async_tx: api initialized (async)
done.
Begin: Running /scripts/init-premount ... done.
Begin: Mounting root file system ... Begin: Running /scripts/local-top ... done.
Begin: Running /scripts/local-premount ... [    7.206780] Btrfs loaded, crc32c=crc32c-intel
Scanning for Btrfs filesystems
done.
Warning: fsck not present, so skipping root file system
[    7.275717] EXT4-fs (sda1): INFO: recovery required on readonly filesystem
[    7.279865] EXT4-fs (sda1): write access will be enabled during recovery
[    7.455841] EXT4-fs (sda1): orphan cleanup on readonly fs
[    7.459674] EXT4-fs (sda1): 6 orphan inodes deleted
[    7.462160] EXT4-fs (sda1): recovery complete
[    7.464807] EXT4-fs (sda1): mounted filesystem with ordered data mode. Opts: (null)
done.
Begin: Running /scripts/local-bottom ... done.
Begin: Running /scripts/init-bottom ... done.
[    7.770644] ip_tables: (C) 2000-2006 Netfilter Core Team
[    7.800905] systemd[1]: systemd 237 running in system mode. (+PAM +AUDIT +SELINUX +IMA +APPARMOR +SMACK +SYSVINIT +UTMP +LIBCRYPTSETUP +GCRYPT +GNUTLS +ACL +XZ +LZ4 +SECCOMP +BLKID +ELFUTILS +KMOD -IDN2 +IDN -PCRE2 default-hierarchy=hybrid)
[    7.821749] systemd[1]: Detected virtualization oracle.
[    7.826536] systemd[1]: Detected architecture x86-64.

Welcome to [1mUbuntu 18.04.5 LTS[0m!

[    7.841480] systemd[1]: Set hostname to <employes3>.
[    8.506526] systemd[1]: Started Forward Password Requests to Wall Directory Watch.
[[0;32m  OK  [0m] Started Forward Password Requests to Wall Directory Watch.
[    8.517769] systemd[1]: Reached target Swap.
[[0;32m  OK  [0m] Reached target Swap.
[    8.521766] systemd[1]: Reached target User and Group Name Lookups.
[[0;32m  OK  [0m] Reached target User and Group Name Lookups.
[    8.531576] systemd[1]: Set up automount Arbitrary Executable File Formats File System Automount Point.
[[0;32m  OK  [0m] Set up automount Arbitrary Executab…rmats File System Automount Point.
[    8.541617] systemd[1]: Reached target System Time Synchronized.
[[0;32m  OK  [0m] Reached target System Time Synchronized.
[    8.551785] systemd[1]: Created slice User and Session Slice.
[[0;32m  OK  [0m] Created slice User and Session Slice.
[[0;32m  OK  [0m] Created slice System Slice.
[[0;32m  OK  [0m] Listening on fsck to fsckd communication Socket.
[[0;32m  OK  [0m] Listening on Journal Socket (/dev/log).
[[0;32m  OK  [0m] Listening on /dev/initctl Compatibility Named Pipe.
[[0;32m  OK  [0m] Listening on Syslog Socket.
[[0;32m  OK  [0m] Listening on udev Kernel Socket.
[[0;32m  OK  [0m] Created slice system-serial\x2dgetty.slice.
[[0;32m  OK  [0m] Listening on Journal Socket.
         Mounting Kernel Debug File System...
         Starting Load Kernel Modules...
         Mounting POSIX Message Queue File System...
         Starting Create list of required st…ce nodes for the current kernel...
         Starting File System Check on Root Device...
         Starting Set the console keyboard layout...
         Starting Uncomplicated firewall...
[[0;32m  OK  [0m] Listening on LVM2 metadata daemon socket.
[[0;32m  OK  [0m] Listening on Network Service Netlink Socket.
[    8.686485] Loading iSCSI transport class v2.0-870.
[[0;32m  OK  [0m] Listening on udev Control Socket.
         Starting udev Coldplug all Devices...
[[0;32m  OK  [0m] Listening on Device-mapper event daemon FIFOs.
         Starting Monitoring of LVM2 mirrors…ng dmeventd or progress polling...
[[0;32m  OK  [0m] Listening on Journal Audit Socket.
         Starting Journal Service...
[[0;32m  OK  [0m] Listening on LVM2 poll daemon socket.
         Mounting Huge Pages File System...
[[0;32m  OK  [0m] Reached target Slices.
[[0;32m  OK  [0m] Mounted Kernel Debug File System.
[[0;32m  OK  [0m] Mounted POSIX Message Queue File System.
[[0;32m  OK  [0m] Started Create list of required sta…vice nodes for the current kernel.
[[0;32m  OK  [0m] Started Uncomplicated firewall.
[[0;32m  OK  [0m] Started File System Check Daemon to report status.
         Starting Create Static Device Nodes in /dev...
[[0;32m  OK  [0m] Mounted Huge Pages File System.
[    8.910468] iscsi: registered transport (tcp)
[[0;32m  OK  [0m] Started Create Static Device Nodes in /dev.
[[0;32m  OK  [0m] Started File System Check on Root Device.
         Starting Remount Root and Kernel File Systems...
[[0;32m  OK  [0m] Started LVM2 metadata daemon.
[    9.208396] EXT4-fs (sda1): re-mounted. Opts: (null)
[[0;32m  OK  [0m] Started Remount Root and Kernel File Systems.
         Starting udev Kernel Device Manager...
[    9.273217] random: crng init done
[    9.274989] random: 7 urandom warning(s) missed due to ratelimiting
         Starting Load/Save Random Seed...
[[0;32m  OK  [0m] Started Monitoring of LVM2 mirrors,…sing dmeventd or progress polling.
[[0;32m  OK  [0m] Started Load/Save Random Seed.
[[0;32m  OK  [0m] Started udev Kernel Device Manager.
[    9.573158] iscsi: registered transport (iser)
[[0;32m  OK  [0m] Started Load Kernel Modules.
         Starting Apply Kernel Variables...
         Mounting FUSE Control File System...
         Mounting Kernel Configuration File System...
[[0;32m  OK  [0m] Mounted Kernel Configuration File System.
[[0;32m  OK  [0m] Mounted FUSE Control File System.
[[0;32m  OK  [0m] Started Apply Kernel Variables.
[[0;32m  OK  [0m] Started Journal Service.
         Starting Flush Journal to Persistent Storage...
[[0;32m  OK  [0m] Started udev Coldplug all Devices.
[[0;32m  OK  [0m] Started Flush Journal to Persistent Storage.
[[0;32m  OK  [0m] Started Set the console keyboard layout.
[[0;32m  OK  [0m] Reached target Local File Systems (Pre).
[[0;32m  OK  [0m] Reached target Local File Systems.
         Starting Tell Plymouth To Write Out Runtime Data...
         Starting Set console font and keymap...
         Starting AppArmor initialization...
         Starting Create Volatile Files and Directories...
         Starting ebtables ruleset management...
[[0;32m  OK  [0m] Started Dispatch Password Requests to Console Directory Watch.
[[0;32m  OK  [0m] Reached target Local Encrypted Volumes.
[[0;32m  OK  [0m] Started Tell Plymouth To Write Out Runtime Data.
[[0;32m  OK  [0m] Started Set console font and keymap.
[[0;32m  OK  [0m] Started Create Volatile Files and Directories.
         Starting Update UTMP about System Boot/Shutdown...
[[0;32m  OK  [0m] Started Update UTMP about System Boot/Shutdown.
[[0;32m  OK  [0m] Started ebtables ruleset management.
[[0;32m  OK  [0m] Started AppArmor initialization.
         Starting Initial cloud-init job (pre-networking)...
         Starting Load AppArmor profiles managed internally by snapd...
[[0;32m  OK  [0m] Started Load AppArmor profiles managed internally by snapd.
[[0;32m  OK  [0m] Found device /dev/ttyS0.
[[0;32m  OK  [0m] Listening on Load/Save RF Kill Switch Status /dev/rfkill Watch.
[   16.147934] cloud-init[507]: Cloud-init v. 21.1-19-gbad84ad4-0ubuntu1~18.04.2 running 'init-local' at Sun, 21 May 2023 15:32:49 +0000. Up 15.37 seconds.
[[0;32m  OK  [0m] Started Initial cloud-init job (pre-networking).
[[0;32m  OK  [0m] Reached target Network (Pre).
         Starting Network Service...
[[0;32m  OK  [0m] Started Network Service.
         Starting Network Name Resolution...
         Starting Wait for Network to be Configured...
[[0;32m  OK  [0m] Started Network Name Resolution.
[[0;32m  OK  [0m] Reached target Host and Network Name Lookups.
[[0;32m  OK  [0m] Reached target Network.
[[0;32m  OK  [0m] Started Wait for Network to be Configured.
         Starting Initial cloud-init job (metadata service crawler)...
[   22.944517] cloud-init[658]: Cloud-init v. 21.1-19-gbad84ad4-0ubuntu1~18.04.2 running 'init' at Sun, 21 May 2023 15:32:55 +0000. Up 21.94 seconds.
[   22.990097] cloud-init[658]: ci-info: ++++++++++++++++++++++++++++++++++++++Net device info+++++++++++++++++++++++++++++++++++++++
[   23.007334] cloud-init[658]: ci-info: +--------+------+-----------------------------+---------------+--------+-------------------+
[   23.036299] cloud-init[658]: ci-info: | Device |  Up  |           Address           |      Mask     | Scope  |     Hw-Address    |
[   23.083542] cloud-init[658]: ci-info: +--------+------+-----------------------------+---------------+--------+-------------------+
[   23.089807] cloud-init[658]: ci-info: | enp0s3 | True |          10.0.2.15          | 255.255.255.0 | global | 02:11:1d:b6:24:f9 |
[   23.145679] cloud-init[658]: ci-info: | enp0s3 | True |  fe80::11:1dff:feb6:24f9/64 |       .       |  link  | 02:11:1d:b6:24:f9 |
[   23.156305] cloud-init[658]: ci-info: | enp0s8 | True |         172.16.0.100        | 255.255.255.0 | global | 08:00:27:3a:4e:57 |
[   23.184799] cloud-init[658]: ci-info: | enp0s8 | True | fe80::a00:27ff:fe3a:4e57/64 |       .       |  link  | 08:00:27:3a:4e:57 |
[   23.189826] cloud-init[658]: ci-info: |   lo   | True |          127.0.0.1          |   255.0.0.0   |  host  |         .         |
[   23.202197] cloud-init[658]: ci-info: |   lo   | True |           ::1/128           |       .       |  host  |         .         |
[   23.222301] cloud-init[658]: ci-info: +--------+------+-----------------------------+---------------+--------+-------------------+
[   23.232204] cloud-init[658]: ci-info: ++++++++++++++++++++++++++++Route IPv4 info+++++++++++++++++++++++++++++
[   23.253902] cloud-init[658]: ci-info: +-------+-------------+----------+-----------------+-----------+-------+
[   23.260726] cloud-init[658]: ci-info: | Route | Destination | Gateway  |     Genmask     | Interface | Flags |
[   23.266430] cloud-init[658]: ci-info: +-------+-------------+----------+-----------------+-----------+-------+
[   23.287335] cloud-init[658]: ci-info: |   0   |   0.0.0.0   | 10.0.2.2 |     0.0.0.0     |   enp0s3  |   UG  |
[   23.292855] cloud-init[658]: ci-info: |   1   |   10.0.2.0  | 0.0.0.0  |  255.255.255.0  |   enp0s3  |   U   |
[   23.298083] cloud-init[658]: ci-info: |   2   |   10.0.2.2  | 0.0.0.0  | 255.255.255.255 |   enp0s3  |   UH  |
[   23.303398] cloud-init[658]: ci-info: |   3   |  172.16.0.0 | 0.0.0.0  |  255.255.255.0  |   enp0s8  |   U   |
[   23.308597] cloud-init[658]: ci-info: +-------+-------------+----------+-----------------+-----------+-------+
[   23.313379] cloud-init[658]: ci-info: +++++++++++++++++++Route IPv6 info+++++++++++++++++++
[   23.321236] cloud-init[658]: ci-info: +-------+-------------+---------+-----------+-------+
[   23.344636] cloud-init[658]: ci-info: | Route | Destination | Gateway | Interface | Flags |
[   23.351245] cloud-init[658]: ci-info: +-------+-------------+---------+-----------+-------+
[   23.369248] cloud-init[658]: ci-info: |   1   |  fe80::/64  |    ::   |   enp0s8  |   U   |
[   23.371732] cloud-init[658]: ci-info: |   2   |  fe80::/64  |    ::   |   enp0s3  |   U   |
[   23.381182] cloud-init[658]: ci-info: |   4   |    local    |    ::   |   enp0s3  |   U   |
[   23.392983] cloud-init[658]: ci-info: |   5   |    local    |    ::   |   enp0s8  |   U   |
[   23.398120] cloud-init[658]: ci-info: |   6   |   ff00::/8  |    ::   |   enp0s8  |   U   |
[   23.408578] cloud-init[658]: ci-info: |   7   |   ff00::/8  |    ::   |   enp0s3  |   U   |
[   23.422260] cloud-init[658]: ci-info: +-------+-------------+---------+-----------+-------+
[[0;32m  OK  [0m] Started Initial cloud-init job (metadata service crawler).
[[0;32m  OK  [0m] Reached target Cloud-config availability.
[[0;32m  OK  [0m] Reached target Network is Online.
[[0;32m  OK  [0m] Reached target Remote File Systems (Pre).
[[0;32m  OK  [0m] Reached target Remote File Systems.
         Starting Availability of block devices...
[[0;32m  OK  [0m] Reached target System Initialization.
[[0;32m  OK  [0m] Started Message of the Day.
         Starting Socket activation for snappy daemon.
[[0;32m  OK  [0m] Listening on D-Bus System Message Bus Socket.
[[0;32m  OK  [0m] Listening on Open-iSCSI iscsid Socket.
[[0;32m  OK  [0m] Started Clean PHP session files every 30 mins.
[[0;32m  OK  [0m] Started ACPI Events Check.
[[0;32m  OK  [0m] Reached target Paths.
         Starting LXD - unix socket.
[[0;32m  OK  [0m] Started Daily Cleanup of Temporary Directories.
[[0;32m  OK  [0m] Started Discard unused blocks once a week.
[[0;32m  OK  [0m] Listening on UUID daemon activation socket.
[[0;32m  OK  [0m] Listening on ACPID Listen Socket.
[[0;32m  OK  [0m] Started Daily apt download activities.
[[0;32m  OK  [0m] Started Daily apt upgrade and clean activities.
[[0;32m  OK  [0m] Reached target Timers.
[[0;32m  OK  [0m] Started Availability of block devices.
[[0;32m  OK  [0m] Listening on Socket activation for snappy daemon.
[[0;32m  OK  [0m] Listening on LXD - unix socket.
[[0;32m  OK  [0m] Reached target Sockets.
[[0;32m  OK  [0m] Reached target Basic System.
         Starting LXD - container startup/shutdown...
[[0;32m  OK  [0m] Started irqbalance daemon.
         Starting The Apache HTTP Server...
[[0;32m  OK  [0m] Started FUSE filesystem for LXC.
         Starting LSB: automatic crash report generation...
[[0;32m  OK  [0m] Started Regular background program processing daemon.
         Starting Dispatcher daemon for systemd-networkd...
         Starting LSB: Record successful boot for GRUB...
         Starting System Logging Service...
         Starting MySQL Community Server...
         Starting OpenBSD Secure Shell server...
         Starting Login Service...
[[0;32m  OK  [0m] Started D-Bus System Message Bus.
[[0;32m  OK  [0m] Started Login Service.
[[0;32m  OK  [0m] Started Unattended Upgrades Shutdown.
         Starting Accounts Service...
[[0;32m  OK  [0m] Started Deferred execution scheduler.
         Starting Permit User Sessions...
         Starting Virtualbox guest utils...
         Starting Snap Daemon...
[[0;32m  OK  [0m] Started System Logging Service.
[[0;32m  OK  [0m] Started Permit User Sessions.
         Starting Hold until boot process finishes up...
         Starting Terminate Plymouth Boot Screen...
[[0;32m  OK  [0m] Started Hold until boot process finishes up.
         Starting Set console scheme...
[[0;32m  OK  [0m] Started Serial Getty on ttyS0.
[[0;32m  OK  [0m] Started Terminate Plymouth Boot Screen.
[[0;32m  OK  [0m] Started Set console scheme.
[[0;32m  OK  [0m] Created slice system-getty.slice.
[[0;32m  OK  [0m] Started Getty on tty1.
[[0;32m  OK  [0m] Reached target Login Prompts.
[[0;32m  OK  [0m] Started OpenBSD Secure Shell server.
[[0;32m  OK  [0m] Started LSB: Record successful boot for GRUB.
         Starting Authorization Manager...
[[0;32m  OK  [0m] Started LSB: automatic crash report generation.
[[0;32m  OK  [0m] Started LXD - container startup/shutdown.
[[0;32m  OK  [0m] Started Authorization Manager.
[[0;32m  OK  [0m] Started Accounts Service.
[[0;32m  OK  [0m] Created slice User Slice of vagrant.
         Starting User Manager for UID 1000...
[[0;32m  OK  [0m] Started Session 1 of user vagrant.
[[0;32m  OK  [0m] Started Virtualbox guest utils.
[[0;32m  OK  [0m] Started User Manager for UID 1000.
[[0;32m  OK  [0m] Started The Apache HTTP Server.
[[0;32m  OK  [0m] Started Dispatcher daemon for systemd-networkd.
[[0;32m  OK  [0m] Started Snap Daemon.
         Starting Wait until snapd is fully seeded...
[[0;32m  OK  [0m] Started Wait until snapd is fully seeded.
         Starting Apply the settings specified in cloud-config...

Ubuntu 18.04.5 LTS employes3 ttyS0

employes3 login: [   33.856919] cloud-init[954]: Cloud-init v. 21.1-19-gbad84ad4-0ubuntu1~18.04.2 running 'modules:config' at Sun, 21 May 2023 15:33:07 +0000. Up 33.42 seconds.
[   36.337448] cloud-init[1120]: Cloud-init v. 21.1-19-gbad84ad4-0ubuntu1~18.04.2 running 'modules:final' at Sun, 21 May 2023 15:33:09 +0000. Up 35.81 seconds.
[   36.354945] cloud-init[1120]: Cloud-init v. 21.1-19-gbad84ad4-0ubuntu1~18.04.2 finished at Sun, 21 May 2023 15:33:10 +0000. Datasource DataSourceNoCloud [seed=/dev/sdb][dsmode=net].  Up 36.31 seconds
